Step: step-credential-initializer-fnwx2:

{"level":"warn","ts":1565724458.3852723,"logger":"fallback-logger","caller":"logging/config.go:69","msg":"Fetch GitHub commit ID from kodata failed: \"ref: refs/heads/master\" is not a valid GitHub commit ID"}
{"level":"info","ts":1565724458.386862,"logger":"fallback-logger","caller":"creds-init/main.go:40","msg":"Credentials initialized."}
Step: step-working-dir-initializer-gb62v:

{"level":"warn","ts":1565724459.3744538,"logger":"fallback-logger","caller":"logging/config.go:69","msg":"Fetch GitHub commit ID from kodata failed: open /var/run/ko/HEAD: no such file or directory"}
{"level":"info","ts":1565724459.3760498,"logger":"fallback-logger","caller":"bash/main.go:65","msg":"Successfully executed command \"mkdir -p /workspace/source\""}
Step: step-place-tools:

Step: step-git-source-meta-******-jx-go-master-8tkhv:

{"level":"warn","ts":1565724469.4989893,"logger":"fallback-logger","caller":"logging/config.go:69","msg":"Fetch GitHub commit ID from kodata failed: \"ref: refs/heads/master\" is not a valid GitHub commit ID"}
{"level":"info","ts":1565724469.7752264,"logger":"fallback-logger","caller":"git/git.go:102","msg":"Successfully cloned https://github.com/******/jx-go.git @ dcd9de9229e1c863b8ca2620daa6da109683e10f in path /workspace/source"}
Step: step-git-merge:

{"level":"info","msg":"Using SHAs from PULL_REFS=master:dcd9de9229e1c863b8ca2620daa6da109683e10f","time":"2019-08-13T19:27:50Z"}
{"level":"warning","msg":"no SHAs to merge, falling back to initial cloned commit","time":"2019-08-13T19:27:50Z"}
Step: step-merge-pull-refs:

SKIP merge-pull-refs: Nothing to merge
Step: step-create-effective-pipeline:

{"level":"info","msg":"Deleting and cloning the Jenkins X versions repo","time":"2019-08-13T19:27:52Z"}
{"level":"info","msg":"Cloning the Jenkins X versions repo https://github.com/jenkins-x/jenkins-x-versions.git with ref refs/heads/master to /builder/home/.jx/jenkins-x-versions","time":"2019-08-13T19:27:52Z"}
{"level":"info","msg":"performing pack detection in folder /workspace/source","time":"2019-08-13T19:27:53Z"}
--> Draft detected YAML (67.743839%)
--> Could not find a pack for YAML. Trying to find the next likely language match...
--> Draft detected RPM Spec (14.925483%)
--> Could not find a pack for RPM Spec. Trying to find the next likely language match...
--> Draft detected Coq (6.994245%)
--> Could not find a pack for Coq. Trying to find the next likely language match...
--> Draft detected Smarty (3.806994%)
--> Could not find a pack for Smarty. Trying to find the next likely language match...
--> Draft detected Go (2.988048%)
{"level":"info","msg":"selected pack: /builder/home/.jx/draft/packs/github.com/jenkins-x-buildpacks/jenkins-x-kubernetes/packs/go","time":"2019-08-13T19:27:53Z"}
{"level":"info","msg":"Effective pipeline written to jenkins-x-effective.yml","time":"2019-08-13T19:27:54Z"}
Step: step-create-tekton-crds:

{"level":"info","msg":"running command: echo \\$(jx-release-version) \u003e VERSION","time":"2019-08-13T19:27:55Z"}
{"level":"info","msg":"","time":"2019-08-13T19:27:55Z"}
{"level":"info","msg":"running command: jx step tag --version \\$(cat VERSION)","time":"2019-08-13T19:27:55Z"}
{"level":"info","msg":"Updating chart version in charts/jx-go/Chart.yaml to 0.0.1","time":"2019-08-13T19:27:55Z"}
{"level":"info","msg":"Updating repository in charts/jx-go/values.yaml to 10.27.252.45:5000/******/jx-go","time":"2019-08-13T19:27:55Z"}
{"level":"info","msg":"Updating tag in charts/jx-go/values.yaml to 0.0.1","time":"2019-08-13T19:27:55Z"}
{"level":"info","msg":"Tag v0.0.1 created and pushed to remote origin","time":"2019-08-13T19:27:58Z"}
{"level":"info","msg":"","time":"2019-08-13T19:27:58Z"}
{"level":"warning","msg":"failed to find secret kaniko-secret in namespace ******: secrets \"kaniko-secret\" not found","time":"2019-08-13T19:27:58Z"}
{"level":"info","msg":"PipelineActivity for ******-jx-go-master-1","time":"2019-08-13T19:27:58Z"}
{"level":"info","msg":"Applying changes ","time":"2019-08-13T19:27:58Z"}
{"level":"info","msg":"upserted PipelineResource ******-jx-go-master for the git repository https://github.com/******/jx-go.git and branch master","time":"2019-08-13T19:27:58Z"}
{"level":"info","msg":"upserted Task ******-jx-go-master-run-make-1","time":"2019-08-13T19:27:58Z"}
{"level":"info","msg":"upserted Task ******-jx-go-master-everything-else-1","time":"2019-08-13T19:27:58Z"}
{"level":"info","msg":"upserted Pipeline ******-jx-go-master-1","time":"2019-08-13T19:27:58Z"}
{"level":"info","msg":"created PipelineRun ******-jx-go-master-1","time":"2019-08-13T19:27:58Z"}
{"level":"info","msg":"created PipelineStructure ******-jx-go-master-1","time":"2019-08-13T19:27:58Z"}
